<?xml version="1.0" encoding="UTF-8"?>
<!-- Generated by org.testng.reporters.JUnitReportReporter -->
<testsuite hostname="LAPTOP-0SSNR9QF" failures="0" tests="2" name="automation.testsuite.ChauVoi_SoftByCategory" time="12.109" errors="0" timestamp="2025-09-19T02:34:41 ICT" skipped="0">
  <testcase classname="automation.testsuite.ChauVoi_SoftByCategory" name="testCategoryChau" time="5.477"/>
  <testcase classname="automation.testsuite.ChauVoi_SoftByCategory" name="testCategoryVoi" time="6.632"/>
</testsuite> <!-- automation.testsuite.ChauVoi_SoftByCategory -->
