<?xml version="1.0" encoding="UTF-8"?>
<!-- Generated by org.testng.reporters.JUnitReportReporter -->
<testsuite hostname="LAPTOP-0SSNR9QF" failures="0" tests="1" name="automation.testsuite.ChauVoi_CheckOut" time="8.576" errors="0" timestamp="2025-09-20T21:28:53 ICT" skipped="0">
  <testcase classname="automation.testsuite.ChauVoi_CheckOut" name="testCheckoutFlow" time="8.576"/>
</testsuite> <!-- automation.testsuite.ChauVoi_CheckOut -->
