<?xml version="1.0" encoding="UTF-8"?>
<!-- Generated by org.testng.reporters.JUnitReportReporter -->
<testsuite hostname="LAPTOP-0SSNR9QF" failures="0" tests="2" name="automation.testsuite.ChauVoi_SoftByCategory" time="14.058" errors="0" timestamp="2025-09-19T00:14:50 ICT" skipped="0">
  <testcase classname="automation.testsuite.ChauVoi_SoftByCategory" name="testCategoryChau" time="7.116"/>
  <testcase classname="automation.testsuite.ChauVoi_SoftByCategory" name="testCategoryVoi" time="6.942"/>
</testsuite> <!-- automation.testsuite.ChauVoi_SoftByCategory -->
