<?xml version="1.0" encoding="UTF-8"?>
<!-- Generated by org.testng.reporters.JUnitReportReporter -->
<testsuite hostname="LAPTOP-0SSNR9QF" failures="0" tests="3" name="automation.testsuite.ChauVoi_SoftByBrand" time="39.816" errors="0" timestamp="2025-09-20T19:16:08 ICT" skipped="0">
  <testcase classname="automation.testsuite.ChauVoi_SoftByBrand" name="locTheoHangKainer" time="19.169"/>
  <testcase classname="automation.testsuite.ChauVoi_SoftByBrand" name="locTheoHangKainer" time="10.510"/>
  <testcase classname="automation.testsuite.ChauVoi_SoftByBrand" name="locTheoHangKainer" time="10.137"/>
</testsuite> <!-- automation.testsuite.ChauVoi_SoftByBrand -->
