<?xml version="1.0" encoding="UTF-8"?>
<!-- Generated by org.testng.reporters.JUnitReportReporter -->
<testsuite hostname="LAPTOP-0SSNR9QF" failures="0" tests="1" name="automation.testsuite.ChauVoi_SoftByBrand" time="13.074" errors="0" timestamp="2025-09-19T23:02:01 ICT" skipped="0">
  <testcase classname="automation.testsuite.ChauVoi_SoftByBrand" name="locTheoHangKainer" time="13.074"/>
</testsuite> <!-- automation.testsuite.ChauVoi_SoftByBrand -->
